ags
ark
bat
betterdiscordctl
bitwarden
blanket
blueman
bluez
bluez-utils
brightnessctl
chezmoi
cliphist
converseen
eog
exa
fastfetch
fish
fsearch
fzf
fzf
git-lfs
gnome-calculator
gnome-system-monitor
grim
gst-plugin-pipewire
htop
hyprland
hyprpaper
hyprpicker-git
imagemagick
insomnia-bin
keyd
kitty
kvantum
mailspring
megasync
morgen-bin
mullvad-vpn-bin
neovim-git
network-manager-applet
networkmanager
node
npm
nwg-displays
obsidian
pamac
pamixer
pavucontrol
pipewire
pipewire-alsa
pipewire-audio
pipewire-jack
pipewire-pulse
polkit-kde-agent
puddletag
qt5-graphicaleffects
qt5-imageformats
qt5-quickcontrols
qt5-quickcontrols2
qt5-wayland
qt5ct
qt6-wayland
joshuto
rhythmbox
sddm-git
slurp
starship
swappy
topgrade
tree
ttf-jetbrains-mono-nerd
ttf-joypixels
ttf-ubuntu-nerd
tutanota-desktop-bin
udiskie
vivaldi
vivaldi-ffmpeg-codecs
waybar-hyprland-git
wg_tool
wireplumber
wlogout
wlr-randr
wlsunset-git
xdg-desktop-portal-hyprland
zoxide
